340303198101590622
340303198400030425
340103198070724524
340304519660309013
340303196402300640
427281978072003517
340303194404700016
411302619750223650
34080319836100420X
34030219771070629X
342225199016130164
340022119749242850
343021977071214112
340302619690225
342224198602620024
3403219801114233??
340321978051610038
4挂失时间2013-04-07
341622198514101319
340304197843000525
挂失时间20112-12-26
32224197208153545X
340311986011891629
340321119861110051
340303419570411063
340322198819220049
340321198403429
340630219740180410
340323199023160086
340303198914070248
340304197701490665
340311119671111841
340303031956040641
340304198200310627
340311119830828306
341126790281172811
340321198714121808
342129198440120818
340302196710880450
340302196444470227
342127030119728385
340101980040206784
340303119700604002
340311119710412141
342201198802580810
34030319840002002X
340323199200812422
320829197700251835
340320196404441445
340321196001008027
342201198713104767
342101197026182049
3405041991031606？0
340030319781004002
340311198618421005
340322196317040235
340311197506650829
232331198005400047
挂失时间2013 11 .11
344421279101000056
340311197505740216
342522196429200327
340321219600824893
340311973050700620
340304199220612047
340304197912001026
340302196606001022
342221978081200034
340302198086002200
340321197040442484
340304195516281026
340321197400187479
340323198950426948
341126197400131813
342326197523071225
341126198123041214
199107213620341126
340304196970231024
340063112659112410
341126200162290722
340221976081330771
342232619640404051
020302918072172034
342326196500810625
341127198800201447
34032219600020016X
340881198712511267
340304019650918062
340303019800224042
342211979101902421
340311197700281613
320502202621031
320502540320052310
320504652141004
32050419724252014x
320524197601364
620105719720227102
320523197409410027
320504197102330547
320586198006089
320525196808148
310103197307042
429004198501302
701122-22432180
320524197002400
320504196606601002
320501592017551
320502551216252252
320502625108202
320503652125202
37293198703083822X
211041978021918200
320223819800710142
320503632501106
320511980121205260
421003198112493576
320508401245047
320911820322663000
320524507057014
320524490041810
320511660277152
320502198112451521
320502198012025
320802519720213471
320524641663784
320520198300023221
320524674221871
320511197900212016
320504801261025
340323198710210
32051197212030563X
325198411257920
32088198112044825X
320550171072204665
320504820196012258
32072198310050646X
320586198902072
510722197802032
320502197700824102
320502198121530011
320503720170012
320503197407831525
320626760925222823
321001197908223
320502197640173022
362401198710831003
320503814921153
320196802071322
32040419827130221X
32050319704170510X
0362802302(B)台胞
